<?xml version="1.0" encoding="UTF-8"?>
<coverage generated="1705399652855" clover="3.2.0">
  <project timestamp="1705399652855" name="All files">
    <metrics statements="16" coveredstatements="16" conditionals="10" coveredconditionals="9" methods="3" coveredmethods="3" elements="29" coveredelements="28" complexity="0" loc="16" ncloc="16" packages="1" files="1" classes="1"/>
    <file name="calculator.js" path="/Users/saif/Documents/3WA/devops_3WA/src/calculator.js">
      <metrics statements="16" coveredstatements="16" conditionals="10" coveredconditionals="9" methods="3" coveredmethods="3"/>
      <line num="3" count="8" type="cond" truecount="2" falsecount="0"/>
      <line num="4" count="1" type="stmt"/>
      <line num="7" count="7" type="stmt"/>
      <line num="9" count="7" type="cond" truecount="2" falsecount="0"/>
      <line num="10" count="1" type="stmt"/>
      <line num="11" count="1" type="cond" truecount="1" falsecount="1"/>
      <line num="12" count="1" type="stmt"/>
      <line num="13" count="1" type="stmt"/>
      <line num="17" count="7" type="stmt"/>
      <line num="19" count="15" type="stmt"/>
      <line num="20" count="7" type="cond" truecount="2" falsecount="0"/>
      <line num="21" count="2" type="stmt"/>
      <line num="26" count="5" type="stmt"/>
      <line num="27" count="10" type="cond" truecount="2" falsecount="0"/>
      <line num="31" count="5" type="stmt"/>
      <line num="35" count="1" type="stmt"/>
    </file>
  </project>
</coverage>
