{"/Users/saif/Documents/3WA/devops_3WA/src/calculator.js": {"path":"/Users/saif/Documents/3WA/devops_3WA/src/calculator.js","statementMap":{"0":{"start":{"line":3,"column":4},"end":{"line":5,"column":5}},"1":{"start":{"line":4,"column":6},"end":{"line":4,"column":15}},"2":{"start":{"line":7,"column":20},"end":{"line":7,"column":23}},"3":{"start":{"line":9,"column":4},"end":{"line":15,"column":5}},"4":{"start":{"line":10,"column":29},"end":{"line":10,"column":64}},"5":{"start":{"line":11,"column":6},"end":{"line":14,"column":7}},"6":{"start":{"line":12,"column":8},"end":{"line":12,"column":38}},"7":{"start":{"line":13,"column":8},"end":{"line":13,"column":74}},"8":{"start":{"line":17,"column":25},"end":{"line":17,"column":76}},"9":{"start":{"line":19,"column":28},"end":{"line":19,"column":75}},"10":{"start":{"line":19,"column":57},"end":{"line":19,"column":74}},"11":{"start":{"line":20,"column":4},"end":{"line":24,"column":5}},"12":{"start":{"line":21,"column":6},"end":{"line":23,"column":8}},"13":{"start":{"line":26,"column":16},"end":{"line":29,"column":5}},"14":{"start":{"line":27,"column":20},"end":{"line":27,"column":69}},"15":{"start":{"line":31,"column":4},"end":{"line":31,"column":15}},"16":{"start":{"line":35,"column":0},"end":{"line":35,"column":28}}},"fnMap":{"0":{"name":"(anonymous_0)","decl":{"start":{"line":2,"column":2},"end":{"line":2,"column":3}},"loc":{"start":{"line":2,"column":21},"end":{"line":32,"column":3}},"line":2},"1":{"name":"(anonymous_1)","decl":{"start":{"line":19,"column":48},"end":{"line":19,"column":49}},"loc":{"start":{"line":19,"column":57},"end":{"line":19,"column":74}},"line":19},"2":{"name":"(anonymous_2)","decl":{"start":{"line":27,"column":6},"end":{"line":27,"column":7}},"loc":{"start":{"line":27,"column":20},"end":{"line":27,"column":69}},"line":27}},"branchMap":{"0":{"loc":{"start":{"line":3,"column":4},"end":{"line":5,"column":5}},"type":"if","locations":[{"start":{"line":3,"column":4},"end":{"line":5,"column":5}},{"start":{},"end":{}}],"line":3},"1":{"loc":{"start":{"line":9,"column":4},"end":{"line":15,"column":5}},"type":"if","locations":[{"start":{"line":9,"column":4},"end":{"line":15,"column":5}},{"start":{},"end":{}}],"line":9},"2":{"loc":{"start":{"line":11,"column":6},"end":{"line":14,"column":7}},"type":"if","locations":[{"start":{"line":11,"column":6},"end":{"line":14,"column":7}},{"start":{},"end":{}}],"line":11},"3":{"loc":{"start":{"line":20,"column":4},"end":{"line":24,"column":5}},"type":"if","locations":[{"start":{"line":20,"column":4},"end":{"line":24,"column":5}},{"start":{},"end":{}}],"line":20},"4":{"loc":{"start":{"line":27,"column":27},"end":{"line":27,"column":68}},"type":"cond-expr","locations":[{"start":{"line":27,"column":51},"end":{"line":27,"column":64}},{"start":{"line":27,"column":67},"end":{"line":27,"column":68}}],"line":27}},"s":{"0":8,"1":1,"2":7,"3":7,"4":1,"5":1,"6":1,"7":1,"8":7,"9":7,"10":15,"11":7,"12":2,"13":5,"14":10,"15":5,"16":1},"f":{"0":8,"1":15,"2":10},"b":{"0":[1,7],"1":[1,6],"2":[1,0],"3":[2,5],"4":[9,1]},"_coverageSchema":"1a1c01bbd47fc00a2c39e90264f33305004495a9","hash":"27f478379b4709470c6517a81e6a459e3c3a4547"}
}
